#
# There is insufficient memory for the Java Runtime Environment to continue.
# Native memory allocation (mmap) failed to map 67108864 bytes for G1 virtual space
# Possible reasons:
#   The system is out of physical RAM or swap space
#   The process is running with CompressedOops enabled, and the Java Heap may be blocking the growth of the native heap
# Possible solutions:
#   Reduce memory load on the system
#   Increase physical memory or swap space
#   Check if swap backing store is full
#   Decrease Java heap size (-Xmx/-Xms)
#   Decrease number of Java threads
#   Decrease Java thread stack sizes (-Xss)
#   Set larger code cache with -XX:ReservedCodeCacheSize=
#   JVM is running with Unscaled Compressed Oops mode in which the Java heap is
#     placed in the first 4GB address space. The Java Heap base address is the
#     maximum limit for the native heap growth. Please use -XX:HeapBaseMinAddress
#     to set the Java Heap base and to place the Java Heap above 4GB virtual address.
# This output file may be truncated or incomplete.
#
#  Out of Memory Error (os_windows.cpp:3536), pid=24812, tid=25332
#
# JRE version:  (19.0.2+7) (build )
# Java VM: Java HotSpot(TM) 64-Bit Server VM (19.0.2+7-44, mixed mode, sharing, tiered, compressed oops, compressed class ptrs, g1 gc, windows-amd64)
# No core dump will be written. Minidumps are not enabled by default on client versions of Windows
#

---------------  S U M M A R Y ------------

Command Line: -Xmx64m -Xms64m -Dorg.gradle.appname=gradlew org.gradle.wrapper.GradleWrapperMain app:installDebug -PreactNativeDevServerPort=8081

Host: AMD Ryzen 5 5600H with Radeon Graphics         , 12 cores, 15G,  Windows 11 , 64 bit Build 22621 (10.0.22621.3374)
Time: Tue Apr  2 23:23:01 2024 SE Asia Standard Time elapsed time: 0.020782 seconds (0d 0h 0m 0s)

---------------  T H R E A D  ---------------

Current thread (0x000001f4bf492ce0):  JavaThread "Unknown thread" [_thread_in_vm, id=25332, stack(0x0000009b2d300000,0x0000009b2d400000)]

Stack: [0x0000009b2d300000,0x0000009b2d400000]
Native frames: (J=compiled Java code, j=interpreted, Vv=VM code, C=native code)
V  [jvm.dll+0x6ee21a]
V  [jvm.dll+0x85765e]
V  [jvm.dll+0x85904e]
V  [jvm.dll+0x859703]
V  [jvm.dll+0x28298f]
V  [jvm.dll+0x6eb009]
V  [jvm.dll+0x6dfbaa]
V  [jvm.dll+0x3573f6]
V  [jvm.dll+0x35ee56]
V  [jvm.dll+0x3b541e]
V  [jvm.dll+0x3b564f]
V  [jvm.dll+0x32c9ea]
V  [jvm.dll+0x32d89e]
V  [jvm.dll+0x821780]
V  [jvm.dll+0x3c2661]
V  [jvm.dll+0x801f51]
V  [jvm.dll+0x44ae8f]
V  [jvm.dll+0x44c811]
C  [jli.dll+0x5287]
C  [ucrtbase.dll+0x29333]
C  [KERNEL32.DLL+0x1257d]
C  [ntdll.dll+0x5aa48]


---------------  P R O C E S S  ---------------

Threads class SMR info:
_java_thread_list=0x00007ffb78b8d048, length=0, elements={
}

Java Threads: ( => current thread )

Other Threads:
  0x000001f4bf4b7740 WorkerThread "GC Thread#0" [stack: 0x0000009b2d400000,0x0000009b2d500000] [id=17136]
  0x000001f4bf4b8ea0 ConcurrentGCThread "G1 Main Marker" [stack: 0x0000009b2d500000,0x0000009b2d600000] [id=25164]
  0x000001f4bf4bb220 WorkerThread "G1 Conc#0" [stack: 0x0000009b2d600000,0x0000009b2d700000] [id=13728]

[error occurred during error reporting (printing all threads), id 0xc0000005, EXCEPTION_ACCESS_VIOLATION (0xc0000005) at pc=0x00007ffb7834d427]

VM state: not at safepoint (not fully initialized)

VM Mutex/Monitor currently owned by a thread:  ([mutex/lock_event])
[0x000001f4bd25a1d0] Heap_lock - owner thread: 0x000001f4bf492ce0

Heap address: 0x00000000fc000000, size: 64 MB, Compressed Oops mode: 32-bit

CDS archive(s) mapped at: [0x0000000000000000-0x0000000000000000-0x0000000000000000), size 0, SharedBaseAddress: 0x0000000800000000, ArchiveRelocationMode: 0.
Narrow klass base: 0x0000000000000000, Narrow klass shift: 0, Narrow klass range: 0x0

GC Precious Log:
 CardTable entry size: 512
 Card Set container configuration: InlinePtr #cards 5 size 8 Array Of Cards #cards 12 size 40 Howl #buckets 4 coarsen threshold 1843 Howl Bitmap #cards 512 size 80 coarsen threshold 460 Card regions per heap region 1 cards per card region 2048

Heap:
 garbage-first heap   total 0K, used 0K [0x00000000fc000000, 0x0000000100000000)
  region size 1024K, 0 young (0K), 0 survivors (0K)

[error occurred during error reporting (printing heap information), id 0xc0000005, EXCEPTION_ACCESS_VIOLATION (0xc0000005) at pc=0x00007ffb78756649]

GC Heap History (0 events):
No events

Dll operation events (1 events):
Event: 0.005 Loaded shared library C:\Program Files\Java\jdk-19\bin\java.dll

Deoptimization events (0 events):
No events

Classes loaded (0 events):
No events

Classes unloaded (0 events):
No events

Classes redefined (0 events):
No events

Internal exceptions (0 events):
No events

VM Operations (0 events):
No events

Events (0 events):
No events


Dynamic libraries:
0x00007ff7c2b40000 - 0x00007ff7c2b50000 	C:\Program Files\Java\jdk-19\bin\java.exe
0x00007ffc2af30000 - 0x00007ffc2b146000 	C:\WINDOWS\SYSTEM32\ntdll.dll
0x00007ffc2a080000 - 0x00007ffc2a144000 	C:\WINDOWS\System32\KERNEL32.DLL
0x00007ffc286f0000 - 0x00007ffc28a97000 	C:\WINDOWS\System32\KERNELBASE.dll
0x00007ffc28aa0000 - 0x00007ffc28bb1000 	C:\WINDOWS\System32\ucrtbase.dll
0x00007ffc0f3e0000 - 0x00007ffc0f3f8000 	C:\Program Files\Java\jdk-19\bin\jli.dll
0x00007ffc15a90000 - 0x00007ffc15aab000 	C:\Program Files\Java\jdk-19\bin\VCRUNTIME140.dll
0x00007ffc2aaa0000 - 0x00007ffc2ab52000 	C:\WINDOWS\System32\ADVAPI32.dll
0x00007ffc29880000 - 0x00007ffc29927000 	C:\WINDOWS\System32\msvcrt.dll
0x00007ffc28c70000 - 0x00007ffc28d18000 	C:\WINDOWS\System32\sechost.dll
0x00007ffc285a0000 - 0x00007ffc285c8000 	C:\WINDOWS\System32\bcrypt.dll
0x00007ffc2a150000 - 0x00007ffc2a265000 	C:\WINDOWS\System32\RPCRT4.dll
0x00007ffc29930000 - 0x00007ffc29ade000 	C:\WINDOWS\System32\USER32.dll
0x00007ffc28500000 - 0x00007ffc28526000 	C:\WINDOWS\System32\win32u.dll
0x00007ffc07a20000 - 0x00007ffc07cb3000 	C:\WINDOWS\WinSxS\amd64_microsoft.windows.common-controls_6595b64144ccf1df_6.0.22621.3235_none_270f74e173860f98\COMCTL32.dll
0x00007ffc2a030000 - 0x00007ffc2a059000 	C:\WINDOWS\System32\GDI32.dll
0x00007ffc285d0000 - 0x00007ffc286e9000 	C:\WINDOWS\System32\gdi32full.dll
0x00007ffc28bc0000 - 0x00007ffc28c5a000 	C:\WINDOWS\System32\msvcp_win.dll
0x00007ffc1eab0000 - 0x00007ffc1eaba000 	C:\WINDOWS\SYSTEM32\VERSION.dll
0x00007ffc2acf0000 - 0x00007ffc2ad21000 	C:\WINDOWS\System32\IMM32.DLL
0x00007ffc23a90000 - 0x00007ffc23a9c000 	C:\Program Files\Java\jdk-19\bin\vcruntime140_1.dll
0x00007ffc0f300000 - 0x00007ffc0f38e000 	C:\Program Files\Java\jdk-19\bin\msvcp140.dll
0x00007ffb78010000 - 0x00007ffb78cd0000 	C:\Program Files\Java\jdk-19\bin\server\jvm.dll
0x00007ffc23970000 - 0x00007ffc23979000 	C:\WINDOWS\SYSTEM32\WSOCK32.dll
0x00007ffc1f7b0000 - 0x00007ffc1f7e4000 	C:\WINDOWS\SYSTEM32\WINMM.dll
0x00007ffc28e30000 - 0x00007ffc28ea1000 	C:\WINDOWS\System32\WS2_32.dll
0x00007ffc272a0000 - 0x00007ffc272b8000 	C:\WINDOWS\SYSTEM32\kernel.appcore.dll
0x00007ffc1d540000 - 0x00007ffc1d54a000 	C:\Program Files\Java\jdk-19\bin\jimage.dll
0x00007ffc1d880000 - 0x00007ffc1dab3000 	C:\WINDOWS\SYSTEM32\DBGHELP.DLL
0x00007ffc2a530000 - 0x00007ffc2a8b8000 	C:\WINDOWS\System32\combase.dll
0x00007ffc297a0000 - 0x00007ffc29877000 	C:\WINDOWS\System32\OLEAUT32.dll
0x00007ffc1d840000 - 0x00007ffc1d872000 	C:\WINDOWS\SYSTEM32\dbgcore.DLL
0x00007ffc283c0000 - 0x00007ffc28439000 	C:\WINDOWS\System32\bcryptPrimitives.dll
0x00007ffc0af90000 - 0x00007ffc0afb6000 	C:\Program Files\Java\jdk-19\bin\java.dll

dbghelp: loaded successfully - version: 4.0.5 - missing functions: none
symbol engine: initialized successfully - sym options: 0x614 - pdb path: .;C:\Program Files\Java\jdk-19\bin;C:\WINDOWS\SYSTEM32;C:\WINDOWS\WinSxS\amd64_microsoft.windows.common-controls_6595b64144ccf1df_6.0.22621.3235_none_270f74e173860f98;C:\Program Files\Java\jdk-19\bin\server

VM Arguments:
jvm_args: -Xmx64m -Xms64m -Dorg.gradle.appname=gradlew 
java_command: org.gradle.wrapper.GradleWrapperMain app:installDebug -PreactNativeDevServerPort=8081
java_class_path (initial): F:\asmRestAPI\asm\android\\gradle\wrapper\gradle-wrapper.jar
Launcher Type: SUN_STANDARD

[Global flags]
     intx CICompilerCount                          = 4                                         {product} {ergonomic}
     uint ConcGCThreads                            = 3                                         {product} {ergonomic}
     uint G1ConcRefinementThreads                  = 10                                        {product} {ergonomic}
   size_t G1HeapRegionSize                         = 1048576                                   {product} {ergonomic}
    uintx GCDrainStackTargetSize                   = 64                                        {product} {ergonomic}
   size_t InitialHeapSize                          = 67108864                                  {product} {command line}
   size_t MarkStackSize                            = 4194304                                   {product} {ergonomic}
   size_t MaxHeapSize                              = 67108864                                  {product} {command line}
   size_t MinHeapDeltaBytes                        = 1048576                                   {product} {ergonomic}
   size_t MinHeapSize                              = 67108864                                  {product} {command line}
    uintx NonNMethodCodeHeapSize                   = 5839372                                {pd product} {ergonomic}
    uintx NonProfiledCodeHeapSize                  = 122909434                              {pd product} {ergonomic}
    uintx ProfiledCodeHeapSize                     = 122909434                              {pd product} {ergonomic}
    uintx ReservedCodeCacheSize                    = 251658240                              {pd product} {ergonomic}
     bool SegmentedCodeCache                       = true                                      {product} {ergonomic}
   size_t SoftMaxHeapSize                          = 67108864                               {manageable} {ergonomic}
     bool UseCompressedClassPointers               = true                           {product lp64_product} {ergonomic}
     bool UseCompressedOops                        = true                           {product lp64_product} {ergonomic}
     bool UseG1GC                                  = true                                      {product} {ergonomic}
     bool UseLargePagesIndividualAllocation        = false                                  {pd product} {ergonomic}

Logging:
Log output configuration:
 #0: stdout all=warning uptime,level,tags foldmultilines=false
 #1: stderr all=off uptime,level,tags foldmultilines=false

Environment Variables:
JAVA_HOME=C:\Program Files\Java\jdk-19
CLASSPATH=F:\asmRestAPI\asm\android\\gradle\wrapper\gradle-wrapper.jar
PATH=F:\asmRestAPI\asm\node_modules\.bin;F:\asmRestAPI\asm\node_modules\.bin;F:\asmRestAPI\node_modules\.bin;F:\node_modules\.bin;C:\Program Files\nodejs\node_modules\npm\node_modules\@npmcli\run-script\lib\node-gyp-bin;F:\asmRestAPI\asm\node_modules\.bin;F:\asmRestAPI\node_modules\.bin;F:\node_modules\.bin;C:\Program Files\nodejs\node_modules\npm\node_modules\@npmcli\run-script\lib\node-gyp-bin;C:\Program Files\Common Files\Oracle\Java\javapath;C:\java\bin;C:\Program Files\Eclipse Adoptium\jdk-17.0.5.8-hotspot\bin;C:\WINDOWS\system32;C:\WINDOWS;C:\WINDOWS\System32\Wbem;C:\WINDOWS\System32\WindowsPowerShell\v1.0\;C:\WINDOWS\System32\OpenSSH\;C:\Program Files (x86)\Microsoft SQL Server\160\Tools\Binn\;C:\Program Files\Microsoft SQL Server\160\Tools\Binn\;C:\Program Files\Microsoft SQL Server\Client SDK\ODBC\170\Tools\Binn\;C:\Program Files\Microsoft SQL Server\160\DTS\Binn\;C:\Program Files\Azure Data Studio\bin;C:\Program Files\Git\cmd;C:\Program Files\nodejs\;C:\ProgramData\chocolatey\bin;C:\Users\phipa\AppData\Local\Android\Sdk\platform-tools;C:\Users\phipa\AppData\Local\Microsoft\WindowsApps;C:\Users\phipa\AppData\Local\Programs\Microsoft VS Code\bin;C:\Program Files\Azure Data Studio\bin;C:\Users\phipa\AppData\Roaming\npm;C:\Users\phipa\AppData\Local\Android\Sdk\platforms;E:\mongodb\
USERNAME=phipa
LANG=en_US.UTF-8
OS=Windows_NT
PROCESSOR_IDENTIFIER=AMD64 Family 25 Model 80 Stepping 0, AuthenticAMD
TMP=C:\Users\phipa\AppData\Local\Temp
TEMP=C:\Users\phipa\AppData\Local\Temp



---------------  S Y S T E M  ---------------

OS:
 Windows 11 , 64 bit Build 22621 (10.0.22621.3374)
OS uptime: 0 days 8:06 hours

CPU: total 12 (initial active 12) (12 cores per cpu, 2 threads per core) family 25 model 80 stepping 0 microcode 0x0, cx8, cmov, fxsr, ht, mmx, 3dnowpref, sse, sse2, sse3, ssse3, sse4a, sse4.1, sse4.2, popcnt, lzcnt, tsc, tscinvbit, avx, avx2, aes, erms, clmul, bmi1, bmi2, adx, sha, fma, vzeroupper, clflush, clflushopt, rdtscp, rdpid, fsrm

Memory: 4k page, system-wide physical 15754M (2239M free)
TotalPageFile size 28042M (AvailPageFile size 64M)
current process WorkingSet (physical memory assigned to process): 11M, peak: 11M
current process commit charge ("private bytes"): 64M, peak: 127M

vm_info: Java HotSpot(TM) 64-Bit Server VM (19.0.2+7-44) for windows-amd64 JRE (19.0.2+7-44), built on 2022-11-30T18:02:09Z by "mach5one" with MS VC++ 17.1 (VS2022)

END.
